<?xml version="1.0" encoding="UTF-8"?>
<testsuite xmlns:xsi="http://www.w3.org/2001/XMLSchema-instance" xsi:noNamespaceSchemaLocation="https://maven.apache.org/surefire/maven-surefire-plugin/xsd/surefire-test-report.xsd" name="com.itheima.Springboot04ProfileApplicationTests" time="3.051" tests="1" errors="0" skipped="0" failures="0">
  <properties>
    <property name="sun.desktop" value="windows"/>
    <property name="awt.toolkit" value="sun.awt.windows.WToolkit"/>
    <property name="file.encoding.pkg" value="sun.io"/>
    <property name="java.specification.version" value="1.8"/>
    <property name="sun.cpu.isalist" value="amd64"/>
    <property name="sun.jnu.encoding" value="GBK"/>
    <property name="java.class.path" value="C:\Users\ryanw\IdeaProjects\Java\SpringBoot\springboot_04_profile\target\test-classes;C:\Users\ryanw\IdeaProjects\Java\SpringBoot\springboot_04_profile\target\classes;C:\Users\ryanw\Downloads\apache-maven-3.9.4-bin\apache-maven-3.9.4\mvn_resp\org\springframework\boot\spring-boot-starter-web\2.7.17\spring-boot-starter-web-2.7.17.jar;C:\Users\ryanw\Downloads\apache-maven-3.9.4-bin\apache-maven-3.9.4\mvn_resp\org\springframework\boot\spring-boot-starter\2.7.17\spring-boot-starter-2.7.17.jar;C:\Users\ryanw\Downloads\apache-maven-3.9.4-bin\apache-maven-3.9.4\mvn_resp\org\springframework\boot\spring-boot\2.7.17\spring-boot-2.7.17.jar;C:\Users\ryanw\Downloads\apache-maven-3.9.4-bin\apache-maven-3.9.4\mvn_resp\org\springframework\boot\spring-boot-autoconfigure\2.7.17\spring-boot-autoconfigure-2.7.17.jar;C:\Users\ryanw\Downloads\apache-maven-3.9.4-bin\apache-maven-3.9.4\mvn_resp\org\springframework\boot\spring-boot-starter-logging\2.7.17\spring-boot-starter-logging-2.7.17.jar;C:\Users\ryanw\Downloads\apache-maven-3.9.4-bin\apache-maven-3.9.4\mvn_resp\ch\qos\logback\logback-classic\1.2.12\logback-classic-1.2.12.jar;C:\Users\ryanw\Downloads\apache-maven-3.9.4-bin\apache-maven-3.9.4\mvn_resp\ch\qos\logback\logback-core\1.2.12\logback-core-1.2.12.jar;C:\Users\ryanw\Downloads\apache-maven-3.9.4-bin\apache-maven-3.9.4\mvn_resp\org\apache\logging\log4j\log4j-to-slf4j\2.17.2\log4j-to-slf4j-2.17.2.jar;C:\Users\ryanw\Downloads\apache-maven-3.9.4-bin\apache-maven-3.9.4\mvn_resp\org\apache\logging\log4j\log4j-api\2.17.2\log4j-api-2.17.2.jar;C:\Users\ryanw\Downloads\apache-maven-3.9.4-bin\apache-maven-3.9.4\mvn_resp\org\slf4j\jul-to-slf4j\1.7.36\jul-to-slf4j-1.7.36.jar;C:\Users\ryanw\Downloads\apache-maven-3.9.4-bin\apache-maven-3.9.4\mvn_resp\jakarta\annotation\jakarta.annotation-api\1.3.5\jakarta.annotation-api-1.3.5.jar;C:\Users\ryanw\Downloads\apache-maven-3.9.4-bin\apache-maven-3.9.4\mvn_resp\org\yaml\snakeyaml\1.30\snakeyaml-1.30.jar;C:\Users\ryanw\Downloads\apache-maven-3.9.4-bin\apache-maven-3.9.4\mvn_resp\org\springframework\boot\spring-boot-starter-json\2.7.17\spring-boot-starter-json-2.7.17.jar;C:\Users\ryanw\Downloads\apache-maven-3.9.4-bin\apache-maven-3.9.4\mvn_resp\com\fasterxml\jackson\core\jackson-databind\2.13.5\jackson-databind-2.13.5.jar;C:\Users\ryanw\Downloads\apache-maven-3.9.4-bin\apache-maven-3.9.4\mvn_resp\com\fasterxml\jackson\core\jackson-annotations\2.13.5\jackson-annotations-2.13.5.jar;C:\Users\ryanw\Downloads\apache-maven-3.9.4-bin\apache-maven-3.9.4\mvn_resp\com\fasterxml\jackson\core\jackson-core\2.13.5\jackson-core-2.13.5.jar;C:\Users\ryanw\Downloads\apache-maven-3.9.4-bin\apache-maven-3.9.4\mvn_resp\com\fasterxml\jackson\datatype\jackson-datatype-jdk8\2.13.5\jackson-datatype-jdk8-2.13.5.jar;C:\Users\ryanw\Downloads\apache-maven-3.9.4-bin\apache-maven-3.9.4\mvn_resp\com\fasterxml\jackson\datatype\jackson-datatype-jsr310\2.13.5\jackson-datatype-jsr310-2.13.5.jar;C:\Users\ryanw\Downloads\apache-maven-3.9.4-bin\apache-maven-3.9.4\mvn_resp\com\fasterxml\jackson\module\jackson-module-parameter-names\2.13.5\jackson-module-parameter-names-2.13.5.jar;C:\Users\ryanw\Downloads\apache-maven-3.9.4-bin\apache-maven-3.9.4\mvn_resp\org\springframework\boot\spring-boot-starter-tomcat\2.7.17\spring-boot-starter-tomcat-2.7.17.jar;C:\Users\ryanw\Downloads\apache-maven-3.9.4-bin\apache-maven-3.9.4\mvn_resp\org\apache\tomcat\embed\tomcat-embed-core\9.0.82\tomcat-embed-core-9.0.82.jar;C:\Users\ryanw\Downloads\apache-maven-3.9.4-bin\apache-maven-3.9.4\mvn_resp\org\apache\tomcat\embed\tomcat-embed-el\9.0.82\tomcat-embed-el-9.0.82.jar;C:\Users\ryanw\Downloads\apache-maven-3.9.4-bin\apache-maven-3.9.4\mvn_resp\org\apache\tomcat\embed\tomcat-embed-websocket\9.0.82\tomcat-embed-websocket-9.0.82.jar;C:\Users\ryanw\Downloads\apache-maven-3.9.4-bin\apache-maven-3.9.4\mvn_resp\org\springframework\spring-web\5.3.30\spring-web-5.3.30.jar;C:\Users\ryanw\Downloads\apache-maven-3.9.4-bin\apache-maven-3.9.4\mvn_resp\org\springframework\spring-beans\5.3.30\spring-beans-5.3.30.jar;C:\Users\ryanw\Downloads\apache-maven-3.9.4-bin\apache-maven-3.9.4\mvn_resp\org\springframework\spring-webmvc\5.3.30\spring-webmvc-5.3.30.jar;C:\Users\ryanw\Downloads\apache-maven-3.9.4-bin\apache-maven-3.9.4\mvn_resp\org\springframework\spring-aop\5.3.30\spring-aop-5.3.30.jar;C:\Users\ryanw\Downloads\apache-maven-3.9.4-bin\apache-maven-3.9.4\mvn_resp\org\springframework\spring-context\5.3.30\spring-context-5.3.30.jar;C:\Users\ryanw\Downloads\apache-maven-3.9.4-bin\apache-maven-3.9.4\mvn_resp\org\springframework\spring-expression\5.3.30\spring-expression-5.3.30.jar;C:\Users\ryanw\Downloads\apache-maven-3.9.4-bin\apache-maven-3.9.4\mvn_resp\org\springframework\boot\spring-boot-starter-test\2.7.17\spring-boot-starter-test-2.7.17.jar;C:\Users\ryanw\Downloads\apache-maven-3.9.4-bin\apache-maven-3.9.4\mvn_resp\org\springframework\boot\spring-boot-test\2.7.17\spring-boot-test-2.7.17.jar;C:\Users\ryanw\Downloads\apache-maven-3.9.4-bin\apache-maven-3.9.4\mvn_resp\org\springframework\boot\spring-boot-test-autoconfigure\2.7.17\spring-boot-test-autoconfigure-2.7.17.jar;C:\Users\ryanw\Downloads\apache-maven-3.9.4-bin\apache-maven-3.9.4\mvn_resp\com\jayway\jsonpath\json-path\2.7.0\json-path-2.7.0.jar;C:\Users\ryanw\Downloads\apache-maven-3.9.4-bin\apache-maven-3.9.4\mvn_resp\net\minidev\json-smart\2.4.11\json-smart-2.4.11.jar;C:\Users\ryanw\Downloads\apache-maven-3.9.4-bin\apache-maven-3.9.4\mvn_resp\net\minidev\accessors-smart\2.4.11\accessors-smart-2.4.11.jar;C:\Users\ryanw\Downloads\apache-maven-3.9.4-bin\apache-maven-3.9.4\mvn_resp\org\ow2\asm\asm\9.3\asm-9.3.jar;C:\Users\ryanw\Downloads\apache-maven-3.9.4-bin\apache-maven-3.9.4\mvn_resp\org\slf4j\slf4j-api\1.7.36\slf4j-api-1.7.36.jar;C:\Users\ryanw\Downloads\apache-maven-3.9.4-bin\apache-maven-3.9.4\mvn_resp\jakarta\xml\bind\jakarta.xml.bind-api\2.3.3\jakarta.xml.bind-api-2.3.3.jar;C:\Users\ryanw\Downloads\apache-maven-3.9.4-bin\apache-maven-3.9.4\mvn_resp\jakarta\activation\jakarta.activation-api\1.2.2\jakarta.activation-api-1.2.2.jar;C:\Users\ryanw\Downloads\apache-maven-3.9.4-bin\apache-maven-3.9.4\mvn_resp\org\assertj\assertj-core\3.22.0\assertj-core-3.22.0.jar;C:\Users\ryanw\Downloads\apache-maven-3.9.4-bin\apache-maven-3.9.4\mvn_resp\org\hamcrest\hamcrest\2.2\hamcrest-2.2.jar;C:\Users\ryanw\Downloads\apache-maven-3.9.4-bin\apache-maven-3.9.4\mvn_resp\org\junit\jupiter\junit-jupiter\5.8.2\junit-jupiter-5.8.2.jar;C:\Users\ryanw\Downloads\apache-maven-3.9.4-bin\apache-maven-3.9.4\mvn_resp\org\junit\jupiter\junit-jupiter-api\5.8.2\junit-jupiter-api-5.8.2.jar;C:\Users\ryanw\Downloads\apache-maven-3.9.4-bin\apache-maven-3.9.4\mvn_resp\org\opentest4j\opentest4j\1.2.0\opentest4j-1.2.0.jar;C:\Users\ryanw\Downloads\apache-maven-3.9.4-bin\apache-maven-3.9.4\mvn_resp\org\junit\platform\junit-platform-commons\1.8.2\junit-platform-commons-1.8.2.jar;C:\Users\ryanw\Downloads\apache-maven-3.9.4-bin\apache-maven-3.9.4\mvn_resp\org\apiguardian\apiguardian-api\1.1.2\apiguardian-api-1.1.2.jar;C:\Users\ryanw\Downloads\apache-maven-3.9.4-bin\apache-maven-3.9.4\mvn_resp\org\junit\jupiter\junit-jupiter-params\5.8.2\junit-jupiter-params-5.8.2.jar;C:\Users\ryanw\Downloads\apache-maven-3.9.4-bin\apache-maven-3.9.4\mvn_resp\org\junit\jupiter\junit-jupiter-engine\5.8.2\junit-jupiter-engine-5.8.2.jar;C:\Users\ryanw\Downloads\apache-maven-3.9.4-bin\apache-maven-3.9.4\mvn_resp\org\junit\platform\junit-platform-engine\1.8.2\junit-platform-engine-1.8.2.jar;C:\Users\ryanw\Downloads\apache-maven-3.9.4-bin\apache-maven-3.9.4\mvn_resp\org\mockito\mockito-core\4.5.1\mockito-core-4.5.1.jar;C:\Users\ryanw\Downloads\apache-maven-3.9.4-bin\apache-maven-3.9.4\mvn_resp\net\bytebuddy\byte-buddy\1.12.23\byte-buddy-1.12.23.jar;C:\Users\ryanw\Downloads\apache-maven-3.9.4-bin\apache-maven-3.9.4\mvn_resp\net\bytebuddy\byte-buddy-agent\1.12.23\byte-buddy-agent-1.12.23.jar;C:\Users\ryanw\Downloads\apache-maven-3.9.4-bin\apache-maven-3.9.4\mvn_resp\org\objenesis\objenesis\3.2\objenesis-3.2.jar;C:\Users\ryanw\Downloads\apache-maven-3.9.4-bin\apache-maven-3.9.4\mvn_resp\org\mockito\mockito-junit-jupiter\4.5.1\mockito-junit-jupiter-4.5.1.jar;C:\Users\ryanw\Downloads\apache-maven-3.9.4-bin\apache-maven-3.9.4\mvn_resp\org\skyscreamer\jsonassert\1.5.1\jsonassert-1.5.1.jar;C:\Users\ryanw\Downloads\apache-maven-3.9.4-bin\apache-maven-3.9.4\mvn_resp\com\vaadin\external\google\android-json\0.0.20131108.vaadin1\android-json-0.0.20131108.vaadin1.jar;C:\Users\ryanw\Downloads\apache-maven-3.9.4-bin\apache-maven-3.9.4\mvn_resp\org\springframework\spring-core\5.3.30\spring-core-5.3.30.jar;C:\Users\ryanw\Downloads\apache-maven-3.9.4-bin\apache-maven-3.9.4\mvn_resp\org\springframework\spring-jcl\5.3.30\spring-jcl-5.3.30.jar;C:\Users\ryanw\Downloads\apache-maven-3.9.4-bin\apache-maven-3.9.4\mvn_resp\org\springframework\spring-test\5.3.30\spring-test-5.3.30.jar;C:\Users\ryanw\Downloads\apache-maven-3.9.4-bin\apache-maven-3.9.4\mvn_resp\org\xmlunit\xmlunit-core\2.9.1\xmlunit-core-2.9.1.jar;"/>
    <property name="java.vm.vendor" value="Amazon.com Inc."/>
    <property name="sun.arch.data.model" value="64"/>
    <property name="user.variant" value=""/>
    <property name="java.vendor.url" value="https://aws.amazon.com/corretto/"/>
    <property name="user.timezone" value="Australia/Sydney"/>
    <property name="java.vm.specification.version" value="1.8"/>
    <property name="os.name" value="Windows 11"/>
    <property name="user.country" value="CN"/>
    <property name="sun.java.launcher" value="SUN_STANDARD"/>
    <property name="sun.boot.library.path" value="C:\Users\ryanw\.jdks\corretto-1.8.0_392\jre\bin"/>
    <property name="sun.java.command" value="C:\Users\ryanw\AppData\Local\Temp\surefire5436984480754094438\surefirebooter2178191337386884320.jar C:\Users\ryanw\AppData\Local\Temp\surefire5436984480754094438 2023-10-28T22-39-16_989-jvmRun1 surefire2062345961724694058tmp surefire_05247116598618953599tmp"/>
    <property name="surefire.test.class.path" value="C:\Users\ryanw\IdeaProjects\Java\SpringBoot\springboot_04_profile\target\test-classes;C:\Users\ryanw\IdeaProjects\Java\SpringBoot\springboot_04_profile\target\classes;C:\Users\ryanw\Downloads\apache-maven-3.9.4-bin\apache-maven-3.9.4\mvn_resp\org\springframework\boot\spring-boot-starter-web\2.7.17\spring-boot-starter-web-2.7.17.jar;C:\Users\ryanw\Downloads\apache-maven-3.9.4-bin\apache-maven-3.9.4\mvn_resp\org\springframework\boot\spring-boot-starter\2.7.17\spring-boot-starter-2.7.17.jar;C:\Users\ryanw\Downloads\apache-maven-3.9.4-bin\apache-maven-3.9.4\mvn_resp\org\springframework\boot\spring-boot\2.7.17\spring-boot-2.7.17.jar;C:\Users\ryanw\Downloads\apache-maven-3.9.4-bin\apache-maven-3.9.4\mvn_resp\org\springframework\boot\spring-boot-autoconfigure\2.7.17\spring-boot-autoconfigure-2.7.17.jar;C:\Users\ryanw\Downloads\apache-maven-3.9.4-bin\apache-maven-3.9.4\mvn_resp\org\springframework\boot\spring-boot-starter-logging\2.7.17\spring-boot-starter-logging-2.7.17.jar;C:\Users\ryanw\Downloads\apache-maven-3.9.4-bin\apache-maven-3.9.4\mvn_resp\ch\qos\logback\logback-classic\1.2.12\logback-classic-1.2.12.jar;C:\Users\ryanw\Downloads\apache-maven-3.9.4-bin\apache-maven-3.9.4\mvn_resp\ch\qos\logback\logback-core\1.2.12\logback-core-1.2.12.jar;C:\Users\ryanw\Downloads\apache-maven-3.9.4-bin\apache-maven-3.9.4\mvn_resp\org\apache\logging\log4j\log4j-to-slf4j\2.17.2\log4j-to-slf4j-2.17.2.jar;C:\Users\ryanw\Downloads\apache-maven-3.9.4-bin\apache-maven-3.9.4\mvn_resp\org\apache\logging\log4j\log4j-api\2.17.2\log4j-api-2.17.2.jar;C:\Users\ryanw\Downloads\apache-maven-3.9.4-bin\apache-maven-3.9.4\mvn_resp\org\slf4j\jul-to-slf4j\1.7.36\jul-to-slf4j-1.7.36.jar;C:\Users\ryanw\Downloads\apache-maven-3.9.4-bin\apache-maven-3.9.4\mvn_resp\jakarta\annotation\jakarta.annotation-api\1.3.5\jakarta.annotation-api-1.3.5.jar;C:\Users\ryanw\Downloads\apache-maven-3.9.4-bin\apache-maven-3.9.4\mvn_resp\org\yaml\snakeyaml\1.30\snakeyaml-1.30.jar;C:\Users\ryanw\Downloads\apache-maven-3.9.4-bin\apache-maven-3.9.4\mvn_resp\org\springframework\boot\spring-boot-starter-json\2.7.17\spring-boot-starter-json-2.7.17.jar;C:\Users\ryanw\Downloads\apache-maven-3.9.4-bin\apache-maven-3.9.4\mvn_resp\com\fasterxml\jackson\core\jackson-databind\2.13.5\jackson-databind-2.13.5.jar;C:\Users\ryanw\Downloads\apache-maven-3.9.4-bin\apache-maven-3.9.4\mvn_resp\com\fasterxml\jackson\core\jackson-annotations\2.13.5\jackson-annotations-2.13.5.jar;C:\Users\ryanw\Downloads\apache-maven-3.9.4-bin\apache-maven-3.9.4\mvn_resp\com\fasterxml\jackson\core\jackson-core\2.13.5\jackson-core-2.13.5.jar;C:\Users\ryanw\Downloads\apache-maven-3.9.4-bin\apache-maven-3.9.4\mvn_resp\com\fasterxml\jackson\datatype\jackson-datatype-jdk8\2.13.5\jackson-datatype-jdk8-2.13.5.jar;C:\Users\ryanw\Downloads\apache-maven-3.9.4-bin\apache-maven-3.9.4\mvn_resp\com\fasterxml\jackson\datatype\jackson-datatype-jsr310\2.13.5\jackson-datatype-jsr310-2.13.5.jar;C:\Users\ryanw\Downloads\apache-maven-3.9.4-bin\apache-maven-3.9.4\mvn_resp\com\fasterxml\jackson\module\jackson-module-parameter-names\2.13.5\jackson-module-parameter-names-2.13.5.jar;C:\Users\ryanw\Downloads\apache-maven-3.9.4-bin\apache-maven-3.9.4\mvn_resp\org\springframework\boot\spring-boot-starter-tomcat\2.7.17\spring-boot-starter-tomcat-2.7.17.jar;C:\Users\ryanw\Downloads\apache-maven-3.9.4-bin\apache-maven-3.9.4\mvn_resp\org\apache\tomcat\embed\tomcat-embed-core\9.0.82\tomcat-embed-core-9.0.82.jar;C:\Users\ryanw\Downloads\apache-maven-3.9.4-bin\apache-maven-3.9.4\mvn_resp\org\apache\tomcat\embed\tomcat-embed-el\9.0.82\tomcat-embed-el-9.0.82.jar;C:\Users\ryanw\Downloads\apache-maven-3.9.4-bin\apache-maven-3.9.4\mvn_resp\org\apache\tomcat\embed\tomcat-embed-websocket\9.0.82\tomcat-embed-websocket-9.0.82.jar;C:\Users\ryanw\Downloads\apache-maven-3.9.4-bin\apache-maven-3.9.4\mvn_resp\org\springframework\spring-web\5.3.30\spring-web-5.3.30.jar;C:\Users\ryanw\Downloads\apache-maven-3.9.4-bin\apache-maven-3.9.4\mvn_resp\org\springframework\spring-beans\5.3.30\spring-beans-5.3.30.jar;C:\Users\ryanw\Downloads\apache-maven-3.9.4-bin\apache-maven-3.9.4\mvn_resp\org\springframework\spring-webmvc\5.3.30\spring-webmvc-5.3.30.jar;C:\Users\ryanw\Downloads\apache-maven-3.9.4-bin\apache-maven-3.9.4\mvn_resp\org\springframework\spring-aop\5.3.30\spring-aop-5.3.30.jar;C:\Users\ryanw\Downloads\apache-maven-3.9.4-bin\apache-maven-3.9.4\mvn_resp\org\springframework\spring-context\5.3.30\spring-context-5.3.30.jar;C:\Users\ryanw\Downloads\apache-maven-3.9.4-bin\apache-maven-3.9.4\mvn_resp\org\springframework\spring-expression\5.3.30\spring-expression-5.3.30.jar;C:\Users\ryanw\Downloads\apache-maven-3.9.4-bin\apache-maven-3.9.4\mvn_resp\org\springframework\boot\spring-boot-starter-test\2.7.17\spring-boot-starter-test-2.7.17.jar;C:\Users\ryanw\Downloads\apache-maven-3.9.4-bin\apache-maven-3.9.4\mvn_resp\org\springframework\boot\spring-boot-test\2.7.17\spring-boot-test-2.7.17.jar;C:\Users\ryanw\Downloads\apache-maven-3.9.4-bin\apache-maven-3.9.4\mvn_resp\org\springframework\boot\spring-boot-test-autoconfigure\2.7.17\spring-boot-test-autoconfigure-2.7.17.jar;C:\Users\ryanw\Downloads\apache-maven-3.9.4-bin\apache-maven-3.9.4\mvn_resp\com\jayway\jsonpath\json-path\2.7.0\json-path-2.7.0.jar;C:\Users\ryanw\Downloads\apache-maven-3.9.4-bin\apache-maven-3.9.4\mvn_resp\net\minidev\json-smart\2.4.11\json-smart-2.4.11.jar;C:\Users\ryanw\Downloads\apache-maven-3.9.4-bin\apache-maven-3.9.4\mvn_resp\net\minidev\accessors-smart\2.4.11\accessors-smart-2.4.11.jar;C:\Users\ryanw\Downloads\apache-maven-3.9.4-bin\apache-maven-3.9.4\mvn_resp\org\ow2\asm\asm\9.3\asm-9.3.jar;C:\Users\ryanw\Downloads\apache-maven-3.9.4-bin\apache-maven-3.9.4\mvn_resp\org\slf4j\slf4j-api\1.7.36\slf4j-api-1.7.36.jar;C:\Users\ryanw\Downloads\apache-maven-3.9.4-bin\apache-maven-3.9.4\mvn_resp\jakarta\xml\bind\jakarta.xml.bind-api\2.3.3\jakarta.xml.bind-api-2.3.3.jar;C:\Users\ryanw\Downloads\apache-maven-3.9.4-bin\apache-maven-3.9.4\mvn_resp\jakarta\activation\jakarta.activation-api\1.2.2\jakarta.activation-api-1.2.2.jar;C:\Users\ryanw\Downloads\apache-maven-3.9.4-bin\apache-maven-3.9.4\mvn_resp\org\assertj\assertj-core\3.22.0\assertj-core-3.22.0.jar;C:\Users\ryanw\Downloads\apache-maven-3.9.4-bin\apache-maven-3.9.4\mvn_resp\org\hamcrest\hamcrest\2.2\hamcrest-2.2.jar;C:\Users\ryanw\Downloads\apache-maven-3.9.4-bin\apache-maven-3.9.4\mvn_resp\org\junit\jupiter\junit-jupiter\5.8.2\junit-jupiter-5.8.2.jar;C:\Users\ryanw\Downloads\apache-maven-3.9.4-bin\apache-maven-3.9.4\mvn_resp\org\junit\jupiter\junit-jupiter-api\5.8.2\junit-jupiter-api-5.8.2.jar;C:\Users\ryanw\Downloads\apache-maven-3.9.4-bin\apache-maven-3.9.4\mvn_resp\org\opentest4j\opentest4j\1.2.0\opentest4j-1.2.0.jar;C:\Users\ryanw\Downloads\apache-maven-3.9.4-bin\apache-maven-3.9.4\mvn_resp\org\junit\platform\junit-platform-commons\1.8.2\junit-platform-commons-1.8.2.jar;C:\Users\ryanw\Downloads\apache-maven-3.9.4-bin\apache-maven-3.9.4\mvn_resp\org\apiguardian\apiguardian-api\1.1.2\apiguardian-api-1.1.2.jar;C:\Users\ryanw\Downloads\apache-maven-3.9.4-bin\apache-maven-3.9.4\mvn_resp\org\junit\jupiter\junit-jupiter-params\5.8.2\junit-jupiter-params-5.8.2.jar;C:\Users\ryanw\Downloads\apache-maven-3.9.4-bin\apache-maven-3.9.4\mvn_resp\org\junit\jupiter\junit-jupiter-engine\5.8.2\junit-jupiter-engine-5.8.2.jar;C:\Users\ryanw\Downloads\apache-maven-3.9.4-bin\apache-maven-3.9.4\mvn_resp\org\junit\platform\junit-platform-engine\1.8.2\junit-platform-engine-1.8.2.jar;C:\Users\ryanw\Downloads\apache-maven-3.9.4-bin\apache-maven-3.9.4\mvn_resp\org\mockito\mockito-core\4.5.1\mockito-core-4.5.1.jar;C:\Users\ryanw\Downloads\apache-maven-3.9.4-bin\apache-maven-3.9.4\mvn_resp\net\bytebuddy\byte-buddy\1.12.23\byte-buddy-1.12.23.jar;C:\Users\ryanw\Downloads\apache-maven-3.9.4-bin\apache-maven-3.9.4\mvn_resp\net\bytebuddy\byte-buddy-agent\1.12.23\byte-buddy-agent-1.12.23.jar;C:\Users\ryanw\Downloads\apache-maven-3.9.4-bin\apache-maven-3.9.4\mvn_resp\org\objenesis\objenesis\3.2\objenesis-3.2.jar;C:\Users\ryanw\Downloads\apache-maven-3.9.4-bin\apache-maven-3.9.4\mvn_resp\org\mockito\mockito-junit-jupiter\4.5.1\mockito-junit-jupiter-4.5.1.jar;C:\Users\ryanw\Downloads\apache-maven-3.9.4-bin\apache-maven-3.9.4\mvn_resp\org\skyscreamer\jsonassert\1.5.1\jsonassert-1.5.1.jar;C:\Users\ryanw\Downloads\apache-maven-3.9.4-bin\apache-maven-3.9.4\mvn_resp\com\vaadin\external\google\android-json\0.0.20131108.vaadin1\android-json-0.0.20131108.vaadin1.jar;C:\Users\ryanw\Downloads\apache-maven-3.9.4-bin\apache-maven-3.9.4\mvn_resp\org\springframework\spring-core\5.3.30\spring-core-5.3.30.jar;C:\Users\ryanw\Downloads\apache-maven-3.9.4-bin\apache-maven-3.9.4\mvn_resp\org\springframework\spring-jcl\5.3.30\spring-jcl-5.3.30.jar;C:\Users\ryanw\Downloads\apache-maven-3.9.4-bin\apache-maven-3.9.4\mvn_resp\org\springframework\spring-test\5.3.30\spring-test-5.3.30.jar;C:\Users\ryanw\Downloads\apache-maven-3.9.4-bin\apache-maven-3.9.4\mvn_resp\org\xmlunit\xmlunit-core\2.9.1\xmlunit-core-2.9.1.jar;"/>
    <property name="sun.cpu.endian" value="little"/>
    <property name="user.home" value="C:\Users\ryanw"/>
    <property name="user.language" value="zh"/>
    <property name="java.specification.vendor" value="Oracle Corporation"/>
    <property name="java.home" value="C:\Users\ryanw\.jdks\corretto-1.8.0_392\jre"/>
    <property name="basedir" value="C:\Users\ryanw\IdeaProjects\Java\SpringBoot\springboot_04_profile"/>
    <property name="file.separator" value="\"/>
    <property name="line.separator" value="&#10;"/>
    <property name="java.vm.specification.vendor" value="Oracle Corporation"/>
    <property name="java.specification.name" value="Java Platform API Specification"/>
    <property name="java.awt.graphicsenv" value="sun.awt.Win32GraphicsEnvironment"/>
    <property name="surefire.real.class.path" value="C:\Users\ryanw\AppData\Local\Temp\surefire5436984480754094438\surefirebooter2178191337386884320.jar"/>
    <property name="sun.boot.class.path" value="C:\Users\ryanw\.jdks\corretto-1.8.0_392\jre\lib\resources.jar;C:\Users\ryanw\.jdks\corretto-1.8.0_392\jre\lib\rt.jar;C:\Users\ryanw\.jdks\corretto-1.8.0_392\jre\lib\sunrsasign.jar;C:\Users\ryanw\.jdks\corretto-1.8.0_392\jre\lib\jsse.jar;C:\Users\ryanw\.jdks\corretto-1.8.0_392\jre\lib\jce.jar;C:\Users\ryanw\.jdks\corretto-1.8.0_392\jre\lib\charsets.jar;C:\Users\ryanw\.jdks\corretto-1.8.0_392\jre\lib\jfr.jar;C:\Users\ryanw\.jdks\corretto-1.8.0_392\jre\classes"/>
    <property name="user.script" value=""/>
    <property name="sun.management.compiler" value="HotSpot 64-Bit Tiered Compilers"/>
    <property name="java.runtime.version" value="1.8.0_392-b08"/>
    <property name="user.name" value="ryanw"/>
    <property name="path.separator" value=";"/>
    <property name="os.version" value="10.0"/>
    <property name="java.endorsed.dirs" value="C:\Users\ryanw\.jdks\corretto-1.8.0_392\jre\lib\endorsed"/>
    <property name="java.runtime.name" value="OpenJDK Runtime Environment"/>
    <property name="file.encoding" value="GBK"/>
    <property name="java.vm.name" value="OpenJDK 64-Bit Server VM"/>
    <property name="localRepository" value="C:\Users\ryanw\Downloads\apache-maven-3.9.4-bin\apache-maven-3.9.4\mvn_resp"/>
    <property name="java.vendor.url.bug" value="https://github.com/corretto/corretto-8/issues/"/>
    <property name="java.io.tmpdir" value="C:\Users\ryanw\AppData\Local\Temp\"/>
    <property name="idea.version" value="2023.2.2"/>
    <property name="java.version" value="1.8.0_392"/>
    <property name="user.dir" value="C:\Users\ryanw\IdeaProjects\Java\SpringBoot\springboot_04_profile"/>
    <property name="os.arch" value="amd64"/>
    <property name="java.vm.specification.name" value="Java Virtual Machine Specification"/>
    <property name="java.awt.printerjob" value="sun.awt.windows.WPrinterJob"/>
    <property name="sun.os.patch.level" value=""/>
    <property name="java.library.path" value="C:\Users\ryanw\.jdks\corretto-1.8.0_392\jre\bin;C:\WINDOWS\Sun\Java\bin;C:\WINDOWS\system32;C:\WINDOWS;C:\Program Files\Common Files\Oracle\Java\javapath;C:\Python311\Scripts\;C:\Python311\;C:\Program Files (x86)\VMware\VMware Workstation\bin\;C:\Program Files\Java\jdk1.8.0_333\bin;C:\Program Files\Java\jdk1.8.0_333\jre\bin;C:\Windows\system32;C:\Windows;C:\Windows\System32\Wbem;C:\Windows\System32\WindowsPowerShell\v1.0\;C:\Windows\System32\OpenSSH\;C:\Program Files\NVIDIA Corporation\NVIDIA NvDLISR;C:\Users\ryanw\AppData\Local\Programs\Python\Python39;C:\Program Files (x86)\NVIDIA Corporation\PhysX\Common;C:\Program Files\dotnet\;C:\Program Files\Git\cmd;C:\WINDOWS\system32;C:\WINDOWS;C:\WINDOWS\System32\Wbem;C:\WINDOWS\System32\WindowsPowerShell\v1.0\;C:\WINDOWS\System32\OpenSSH\;C:\WINDOWS\system32;C:\WINDOWS;C:\WINDOWS\System32\Wbem;C:\WINDOWS\System32\WindowsPowerShell\v1.0\;C:\WINDOWS\System32\OpenSSH\;C:\msys64\mingw64\bin;C:\Program Files\nodejs\;C:\ProgramData\chocolatey\bin;C:\Program Files\Java\jdk-20\bin;C:\Program Files\Java\jdk-20\jre\bin;C:\Users\ryanw\Downloads\apache-maven-3.9.4-bin\apache-maven-3.9.4\bin;C:\Program Files\MongoDB\Server\5.0\bin;C:\Users\ryanw\AppData\Local\Microsoft\WindowsApps;C:\xampp\php;C:\Users\ryanw\AppData\Local\Programs\Microsoft VS Code\bin;C:\Users\ryanw\AppData\Local\Microsoft\WindowsApps;C:\Users\ryanw\AppData\Local\Programs\oh-my-posh\bin;C:\Program Files\JetBrains\IntelliJ IDEA Community Edition 2022.2.3\bin;C:\Program Files\JetBrains\GoLand 2022.3\bin;C:\Users\ryanw\AppData\Roaming\npm;C:\Program Files\JetBrains\DataSpell 2023.1\bin;C:\Program Files\JetBrains\WebStorm 2023.1.3\bin;C:\Users\ryanw\AppData\Local\JetBrains\Toolbox\scripts;C:\Users\ryanw\Downloads\mysql-5.7.19-winx64\bin;."/>
    <property name="java.vm.info" value="mixed mode"/>
    <property name="java.vendor" value="Amazon.com Inc."/>
    <property name="java.vm.version" value="25.392-b08"/>
    <property name="java.specification.maintenance.version" value="5"/>
    <property name="java.ext.dirs" value="C:\Users\ryanw\.jdks\corretto-1.8.0_392\jre\lib\ext;C:\WINDOWS\Sun\Java\lib\ext"/>
    <property name="sun.io.unicode.encoding" value="UnicodeLittle"/>
    <property name="java.class.version" value="52.0"/>
  </properties>
  <testcase name="contextLoads" classname="com.itheima.Springboot04ProfileApplicationTests" time="0.325"/>
</testsuite>